<?xml version="1.0" encoding="UTF-8"?>
<!-- Generated by org.testng.reporters.JUnitReportReporter -->
<testsuite skipped="0" hostname="LAPTOP-N61OB3H5" name="psModule.ConfigPageTest" tests="3" failures="0" timestamp="2021-04-15T18:23:30 IST" time="104.779" errors="0">
  <testcase name="verifyConfigPage" time="32.543" classname="psModule.ConfigPageTest"/>
  <system-out/>
  <testcase name="validateGuestLoginBtn" time="32.475" classname="psModule.ConfigPageTest"/>
  <system-out/>
  <testcase name="validateDisableBtn" time="39.761" classname="psModule.ConfigPageTest"/>
  <system-out/>
</testsuite> <!-- psModule.ConfigPageTest -->
