<?xml version="1.0" encoding="UTF-8"?>
<!-- Generated by org.testng.reporters.JUnitReportReporter -->
<testsuite skipped="0" hostname="LAPTOP-N61OB3H5" name="psModule.BlogPageTest" tests="1" failures="0" timestamp="2021-03-02T11:01:48 IST" time="3.129" errors="0">
  <testcase name="validateButtonTest" time="3.129" classname="psModule.BlogPageTest"/>
  <system-out/>
</testsuite> <!-- psModule.BlogPageTest -->
