<?xml version="1.0" encoding="UTF-8"?>
<!-- Generated by org.testng.reporters.JUnitReportReporter -->
<testsuite skipped="0" hostname="LAPTOP-N61OB3H5" name="psModule.ProductPageTest" tests="1" failures="0" timestamp="2021-04-15T18:23:30 IST" time="11.151" errors="0">
  <testcase name="addProductToCart" time="11.151" classname="psModule.ProductPageTest"/>
  <system-out/>
</testsuite> <!-- psModule.ProductPageTest -->
