<?xml version="1.0" encoding="UTF-8"?>
<!-- Generated by org.testng.reporters.JUnitReportReporter -->
<testsuite skipped="0" hostname="LAPTOP-N61OB3H5" name="psModule.BlogPage" tests="1" failures="0" timestamp="2021-03-01T13:01:51 IST" time="15.340" errors="0">
  <testcase name="baseNavigationPage" time="15.340" classname="psModule.BlogPage"/>
  <system-out/>
</testsuite> <!-- psModule.BlogPage -->
