<?xml version="1.0" encoding="UTF-8"?>
<!-- Generated by org.testng.reporters.JUnitReportReporter -->
<testsuite skipped="0" hostname="LAPTOP-N61OB3H5" name="psModule.BackHomePageTest" tests="1" failures="0" timestamp="2021-03-30T15:42:28 IST" time="26.651" errors="0">
  <testcase name="verifyTabClick" time="26.651" classname="psModule.BackHomePageTest"/>
  <system-out/>
</testsuite> <!-- psModule.BackHomePageTest -->
