<?xml version="1.0" encoding="UTF-8"?>
<!-- Generated by org.testng.reporters.JUnitReportReporter -->
<testsuite skipped="0" hostname="LAPTOP-N61OB3H5" name="psModule.ProductPageTest" tests="1" failures="0" timestamp="2021-03-30T15:42:28 IST" time="10.048" errors="0">
  <testcase name="addProductToCart" time="10.048" classname="psModule.ProductPageTest"/>
  <system-out/>
</testsuite> <!-- psModule.ProductPageTest -->
